This file contains any messages produced by compilers while
running configure, to aid debugging if configure makes a mistake.

It was created by configure, which was
generated by GNU Autoconf 2.67.  Invocation command line was

  $ ./configure 

## --------- ##
## Platform. ##
## --------- ##

hostname = munkie-UL30A
uname -m = x86_64
uname -r = 2.6.35-32-generic
uname -s = Linux
uname -v = #67-Ubuntu SMP Mon Mar 5 19:39:49 UTC 2012

/usr/bin/uname -p = unknown
/bin/uname -X     = unknown

/bin/arch              = unknown
/usr/bin/arch -k       = unknown
/usr/convex/getsysinfo = unknown
/usr/bin/hostinfo      = unknown
/bin/machine           = unknown
/usr/bin/oslevel       = unknown
/bin/universe          = unknown

PATH: /home/munkie/bin
PATH: /usr/local/sbin
PATH: /usr/local/bin
PATH: /usr/sbin
PATH: /usr/bin
PATH: /sbin
PATH: /bin
PATH: /usr/games
PATH: /var/lib/gems/1.9.1/bin


## ----------- ##
## Core tests. ##
## ----------- ##

configure:2317: checking for grep that handles long lines and -e
configure:2375: result: /bin/grep
configure:2380: checking for egrep
configure:2442: result: /bin/grep -E
configure:2447: checking for a sed that does not truncate output
configure:2511: result: /bin/sed
configure:2645: checking for cc
configure:2661: found /usr/bin/cc
configure:2672: result: cc
configure:2703: checking for C compiler version
configure:2712: cc --version >&5
cc (Ubuntu/Linaro 4.4.4-14ubuntu5.1) 4.4.5
Copyright (C) 2010 Free Software Foundation, Inc.
This is free software; see the source for copying conditions.  There is NO
warranty; not even for MERCHANTABILITY or FITNESS FOR A PARTICULAR PURPOSE.

configure:2723: $? = 0
configure:2712: cc -v >&5
Using built-in specs.
Target: x86_64-linux-gnu
Configured with: ../src/configure -v --with-pkgversion='Ubuntu/Linaro 4.4.4-14ubuntu5.1' --with-bugurl=file:///usr/share/doc/gcc-4.4/README.Bugs --enable-languages=c,c++,fortran,objc,obj-c++ --prefix=/usr --program-suffix=-4.4 --enable-shared --enable-multiarch --enable-linker-build-id --with-system-zlib --libexecdir=/usr/lib --without-included-gettext --enable-threads=posix --with-gxx-include-dir=/usr/include/c++/4.4 --libdir=/usr/lib --enable-nls --with-sysroot=/ --enable-clocale=gnu --enable-libstdcxx-debug --enable-objc-gc --disable-werror --with-arch-32=i686 --with-tune=generic --enable-checking=release --build=x86_64-linux-gnu --host=x86_64-linux-gnu --target=x86_64-linux-gnu
Thread model: posix
gcc version 4.4.5 (Ubuntu/Linaro 4.4.4-14ubuntu5.1) 
configure:2723: $? = 0
configure:2712: cc -V >&5
cc: '-V' option must have argument
configure:2723: $? = 1
configure:2712: cc -qversion >&5
cc: unrecognized option '-qversion'
cc: no input files
configure:2723: $? = 1
configure:2743: checking whether the C compiler works
configure:2765: cc    conftest.c  >&5
configure:2769: $? = 0
configure:2817: result: yes
configure:2820: checking for C compiler default output file name
configure:2822: result: a.out
configure:2828: checking for suffix of executables
configure:2835: cc -o conftest    conftest.c  >&5
configure:2839: $? = 0
configure:2861: result: 
configure:2883: checking whether we are cross compiling
configure:2891: cc -o conftest    conftest.c  >&5
configure:2895: $? = 0
configure:2902: ./conftest
configure:2906: $? = 0
configure:2921: result: no
configure:2926: checking for suffix of object files
configure:2948: cc -c   conftest.c >&5
configure:2952: $? = 0
configure:2973: result: o
configure:2977: checking whether we are using the GNU C compiler
configure:2996: cc -c   conftest.c >&5
configure:2996: $? = 0
configure:3005: result: yes
configure:3014: checking whether cc accepts -g
configure:3034: cc -c -g  conftest.c >&5
configure:3034: $? = 0
configure:3075: result: yes
configure:3092: checking for cc option to accept ISO C89
configure:3156: cc  -c -g -O2  conftest.c >&5
configure:3156: $? = 0
configure:3169: result: none needed
configure:3195: checking how to run the C preprocessor
configure:3226: cc -E  conftest.c
configure:3226: $? = 0
configure:3240: cc -E  conftest.c
conftest.c:9: fatal error: ac_nonexistent.h: No such file or directory
compilation terminated.
configure:3240: $? = 1
configure: failed program was:
| /* confdefs.h */
| #define PACKAGE_NAME ""
| #define PACKAGE_TARNAME ""
| #define PACKAGE_VERSION ""
| #define PACKAGE_STRING ""
| #define PACKAGE_BUGREPORT ""
| #define PACKAGE_URL ""
| /* end confdefs.h.  */
| #include <ac_nonexistent.h>
configure:3265: result: cc -E
configure:3285: cc -E  conftest.c
configure:3285: $? = 0
configure:3299: cc -E  conftest.c
conftest.c:9: fatal error: ac_nonexistent.h: No such file or directory
compilation terminated.
configure:3299: $? = 1
configure: failed program was:
| /* confdefs.h */
| #define PACKAGE_NAME ""
| #define PACKAGE_TARNAME ""
| #define PACKAGE_VERSION ""
| #define PACKAGE_STRING ""
| #define PACKAGE_BUGREPORT ""
| #define PACKAGE_URL ""
| /* end confdefs.h.  */
| #include <ac_nonexistent.h>
configure:3330: checking for icc
configure:3339: result: no
configure:3353: checking for suncc
configure:3362: result: no
configure:3380: checking whether cc understands -c and -o together
configure:3408: cc -c conftest.c -o conftest2.o >&5
configure:3412: $? = 0
configure:3418: cc -c conftest.c -o conftest2.o >&5
configure:3422: $? = 0
configure:3477: result: yes
configure:3491: checking for system library directory
configure:3506: result: lib
configure:3513: checking if compiler supports -R
configure:3532: cc -o conftest -g -O2   conftest.c -R /usr/lib  >&5
cc: unrecognized option '-R'
/usr/bin/ld: cannot find /usr/lib: File format not recognized
collect2: ld returned 1 exit status
configure:3532: $? = 1
configure: failed program was:
| /* confdefs.h */
| #define PACKAGE_NAME ""
| #define PACKAGE_TARNAME ""
| #define PACKAGE_VERSION ""
| #define PACKAGE_STRING ""
| #define PACKAGE_BUGREPORT ""
| #define PACKAGE_URL ""
| /* end confdefs.h.  */
| 
| int
| main ()
| {
| 
|   ;
|   return 0;
| }
configure:3542: result: no
configure:3547: checking if compiler supports -Wl,-rpath,
configure:3566: cc -o conftest -g -O2   conftest.c -Wl,-rpath,/usr/lib  >&5
configure:3566: $? = 0
configure:3576: result: yes
configure:3621: checking build system type
configure:3635: result: x86_64-unknown-linux-gnu
configure:3655: checking host system type
configure:3668: result: x86_64-unknown-linux-gnu
configure:3688: checking target system type
configure:3701: result: x86_64-unknown-linux-gnu
configure:3804: checking for PHP prefix
configure:3806: result: /usr
configure:3808: checking for PHP includes
configure:3810: result: -I/usr/include/php5 -I/usr/include/php5/main -I/usr/include/php5/TSRM -I/usr/include/php5/Zend -I/usr/include/php5/ext -I/usr/include/php5/ext/date/lib
configure:3812: checking for PHP extension directory
configure:3814: result: /usr/lib/php5/20100525
configure:3816: checking for PHP installed headers prefix
configure:3818: result: /usr/include/php5
configure:3821: checking if debug is enabled
configure:3847: result: no
configure:3850: checking if zts is enabled
configure:3876: result: no
configure:3947: checking for re2c
configure:3963: found /usr/bin/re2c
configure:3974: result: re2c
configure:3983: checking for re2c version
configure:3997: result: 0.13.5 (ok)
configure:4016: checking for gawk
configure:4047: result: no
configure:4016: checking for nawk
configure:4033: found /usr/bin/nawk
configure:4044: result: nawk
configure:4067: checking if nawk is broken
configure:4074: result: no
configure:4088: checking whether to enable the thrift_protocol extension
configure:4127: result: yes, shared
configure:4194: checking for g++
configure:4210: found /usr/bin/g++
configure:4221: result: g++
configure:4248: checking for C++ compiler version
configure:4257: g++ --version >&5
g++ (Ubuntu/Linaro 4.4.4-14ubuntu5.1) 4.4.5
Copyright (C) 2010 Free Software Foundation, Inc.
This is free software; see the source for copying conditions.  There is NO
warranty; not even for MERCHANTABILITY or FITNESS FOR A PARTICULAR PURPOSE.

configure:4268: $? = 0
configure:4257: g++ -v >&5
Using built-in specs.
Target: x86_64-linux-gnu
Configured with: ../src/configure -v --with-pkgversion='Ubuntu/Linaro 4.4.4-14ubuntu5.1' --with-bugurl=file:///usr/share/doc/gcc-4.4/README.Bugs --enable-languages=c,c++,fortran,objc,obj-c++ --prefix=/usr --program-suffix=-4.4 --enable-shared --enable-multiarch --enable-linker-build-id --with-system-zlib --libexecdir=/usr/lib --without-included-gettext --enable-threads=posix --with-gxx-include-dir=/usr/include/c++/4.4 --libdir=/usr/lib --enable-nls --with-sysroot=/ --enable-clocale=gnu --enable-libstdcxx-debug --enable-objc-gc --disable-werror --with-arch-32=i686 --with-tune=generic --enable-checking=release --build=x86_64-linux-gnu --host=x86_64-linux-gnu --target=x86_64-linux-gnu
Thread model: posix
gcc version 4.4.5 (Ubuntu/Linaro 4.4.4-14ubuntu5.1) 
configure:4268: $? = 0
configure:4257: g++ -V >&5
g++: '-V' option must have argument
configure:4268: $? = 1
configure:4257: g++ -qversion >&5
g++: unrecognized option '-qversion'
g++: no input files
configure:4268: $? = 1
configure:4272: checking whether we are using the GNU C++ compiler
configure:4291: g++ -c   conftest.cpp >&5
configure:4291: $? = 0
configure:4300: result: yes
configure:4309: checking whether g++ accepts -g
configure:4329: g++ -c -g  conftest.cpp >&5
configure:4329: $? = 0
configure:4370: result: yes
configure:4398: checking how to run the C++ preprocessor
configure:4425: g++ -E  conftest.cpp
configure:4425: $? = 0
configure:4439: g++ -E  conftest.cpp
conftest.cpp:9: fatal error: ac_nonexistent.h: No such file or directory
compilation terminated.
configure:4439: $? = 1
configure: failed program was:
| /* confdefs.h */
| #define PACKAGE_NAME ""
| #define PACKAGE_TARNAME ""
| #define PACKAGE_VERSION ""
| #define PACKAGE_STRING ""
| #define PACKAGE_BUGREPORT ""
| #define PACKAGE_URL ""
| /* end confdefs.h.  */
| #include <ac_nonexistent.h>
configure:4464: result: g++ -E
configure:4484: g++ -E  conftest.cpp
configure:4484: $? = 0
configure:4498: g++ -E  conftest.cpp
conftest.cpp:9: fatal error: ac_nonexistent.h: No such file or directory
compilation terminated.
configure:4498: $? = 1
configure: failed program was:
| /* confdefs.h */
| #define PACKAGE_NAME ""
| #define PACKAGE_TARNAME ""
| #define PACKAGE_VERSION ""
| #define PACKAGE_STRING ""
| #define PACKAGE_BUGREPORT ""
| #define PACKAGE_URL ""
| /* end confdefs.h.  */
| #include <ac_nonexistent.h>
configure:4965: checking for a sed that does not truncate output
configure:5029: result: /bin/sed
configure:5047: checking for fgrep
configure:5109: result: /bin/grep -F
configure:5144: checking for ld used by cc
configure:5211: result: /usr/bin/ld
configure:5218: checking if the linker (/usr/bin/ld) is GNU ld
configure:5233: result: yes
configure:5245: checking for BSD- or MS-compatible name lister (nm)
configure:5294: result: /usr/bin/nm -B
configure:5412: checking the name lister (/usr/bin/nm -B) interface
configure:5419: cc -c -g -O2  conftest.c >&5
configure:5422: /usr/bin/nm -B "conftest.o"
configure:5425: output
0000000000000000 B some_variable
configure:5432: result: BSD nm
configure:5435: checking whether ln -s works
configure:5439: result: yes
configure:5447: checking the maximum length of command line arguments
configure:5567: result: 1572864
configure:5584: checking whether the shell understands some XSI constructs
configure:5594: result: yes
configure:5598: checking whether the shell understands "+="
configure:5604: result: yes
configure:5639: checking for /usr/bin/ld option to reload object files
configure:5646: result: -r
configure:5715: checking for objdump
configure:5731: found /usr/bin/objdump
configure:5742: result: objdump
configure:5774: checking how to recognize dependent libraries
configure:5970: result: pass_all
configure:6030: checking for ar
configure:6046: found /usr/bin/ar
configure:6057: result: ar
configure:6135: checking for strip
configure:6151: found /usr/bin/strip
configure:6162: result: strip
configure:6234: checking for ranlib
configure:6250: found /usr/bin/ranlib
configure:6261: result: ranlib
configure:6351: checking command to parse /usr/bin/nm -B output from cc object
configure:6469: cc -c -g -O2  conftest.c >&5
configure:6472: $? = 0
configure:6476: /usr/bin/nm -B conftest.o \| sed -n -e 's/^.*[	 ]\([ABCDGIRSTW][ABCDGIRSTW]*\)[	 ][	 ]*\([_A-Za-z][_A-Za-z0-9]*\)$/\1 \2 \2/p' \> conftest.nm
configure:6479: $? = 0
configure:6533: cc -o conftest -g -O2   conftest.c conftstm.o >&5
configure:6536: $? = 0
configure:6574: result: ok
configure:6669: cc -c -g -O2  conftest.c >&5
configure:6672: $? = 0
configure:7377: checking for ANSI C header files
configure:7397: cc -c -g -O2  conftest.c >&5
configure:7397: $? = 0
configure:7470: cc -o conftest -g -O2   conftest.c -lstdc++  >&5
configure:7470: $? = 0
configure:7470: ./conftest
configure:7470: $? = 0
configure:7481: result: yes
configure:7494: checking for sys/types.h
configure:7494: cc -c -g -O2  conftest.c >&5
configure:7494: $? = 0
configure:7494: result: yes
configure:7494: checking for sys/stat.h
configure:7494: cc -c -g -O2  conftest.c >&5
configure:7494: $? = 0
configure:7494: result: yes
configure:7494: checking for stdlib.h
configure:7494: cc -c -g -O2  conftest.c >&5
configure:7494: $? = 0
configure:7494: result: yes
configure:7494: checking for string.h
configure:7494: cc -c -g -O2  conftest.c >&5
configure:7494: $? = 0
configure:7494: result: yes
configure:7494: checking for memory.h
configure:7494: cc -c -g -O2  conftest.c >&5
configure:7494: $? = 0
configure:7494: result: yes
configure:7494: checking for strings.h
configure:7494: cc -c -g -O2  conftest.c >&5
configure:7494: $? = 0
configure:7494: result: yes
configure:7494: checking for inttypes.h
configure:7494: cc -c -g -O2  conftest.c >&5
configure:7494: $? = 0
configure:7494: result: yes
configure:7494: checking for stdint.h
configure:7494: cc -c -g -O2  conftest.c >&5
configure:7494: $? = 0
configure:7494: result: yes
configure:7494: checking for unistd.h
configure:7494: cc -c -g -O2  conftest.c >&5
configure:7494: $? = 0
configure:7494: result: yes
configure:7508: checking for dlfcn.h
configure:7508: cc -c -g -O2  conftest.c >&5
configure:7508: $? = 0
configure:7508: result: yes
configure:7633: checking for C++ compiler version
configure:7642: g++ --version >&5
g++ (Ubuntu/Linaro 4.4.4-14ubuntu5.1) 4.4.5
Copyright (C) 2010 Free Software Foundation, Inc.
This is free software; see the source for copying conditions.  There is NO
warranty; not even for MERCHANTABILITY or FITNESS FOR A PARTICULAR PURPOSE.

configure:7653: $? = 0
configure:7642: g++ -v >&5
Using built-in specs.
Target: x86_64-linux-gnu
Configured with: ../src/configure -v --with-pkgversion='Ubuntu/Linaro 4.4.4-14ubuntu5.1' --with-bugurl=file:///usr/share/doc/gcc-4.4/README.Bugs --enable-languages=c,c++,fortran,objc,obj-c++ --prefix=/usr --program-suffix=-4.4 --enable-shared --enable-multiarch --enable-linker-build-id --with-system-zlib --libexecdir=/usr/lib --without-included-gettext --enable-threads=posix --with-gxx-include-dir=/usr/include/c++/4.4 --libdir=/usr/lib --enable-nls --with-sysroot=/ --enable-clocale=gnu --enable-libstdcxx-debug --enable-objc-gc --disable-werror --with-arch-32=i686 --with-tune=generic --enable-checking=release --build=x86_64-linux-gnu --host=x86_64-linux-gnu --target=x86_64-linux-gnu
Thread model: posix
gcc version 4.4.5 (Ubuntu/Linaro 4.4.4-14ubuntu5.1) 
configure:7653: $? = 0
configure:7642: g++ -V >&5
g++: '-V' option must have argument
configure:7653: $? = 1
configure:7642: g++ -qversion >&5
g++: unrecognized option '-qversion'
g++: no input files
configure:7653: $? = 1
configure:7657: checking whether we are using the GNU C++ compiler
configure:7685: result: yes
configure:7694: checking whether g++ accepts -g
configure:7755: result: yes
configure:7786: checking how to run the C++ preprocessor
configure:7852: result: g++ -E
configure:7872: g++ -E  conftest.cpp
configure:7872: $? = 0
configure:7886: g++ -E  conftest.cpp
conftest.cpp:21: fatal error: ac_nonexistent.h: No such file or directory
compilation terminated.
configure:7886: $? = 1
configure: failed program was:
| /* confdefs.h */
| #define PACKAGE_NAME ""
| #define PACKAGE_TARNAME ""
| #define PACKAGE_VERSION ""
| #define PACKAGE_STRING ""
| #define PACKAGE_BUGREPORT ""
| #define PACKAGE_URL ""
| #define COMPILE_DL_THRIFT_PROTOCOL 1
| #define STDC_HEADERS 1
| #define HAVE_SYS_TYPES_H 1
| #define HAVE_SYS_STAT_H 1
| #define HAVE_STDLIB_H 1
| #define HAVE_STRING_H 1
| #define HAVE_MEMORY_H 1
| #define HAVE_STRINGS_H 1
| #define HAVE_INTTYPES_H 1
| #define HAVE_STDINT_H 1
| #define HAVE_UNISTD_H 1
| #define HAVE_DLFCN_H 1
| /* end confdefs.h.  */
| #include <ac_nonexistent.h>
configure:8092: checking for objdir
configure:8107: result: .libs
configure:8403: checking if cc supports -fno-rtti -fno-exceptions
configure:8421: cc -c -g -O2  -fno-rtti -fno-exceptions conftest.c >&5
cc1: warning: command line option "-fno-rtti" is valid for C++/ObjC++ but not for C
configure:8425: $? = 0
configure:8438: result: no
configure:8458: checking for cc option to produce PIC
configure:8730: result: -fPIC -DPIC
configure:8742: checking if cc PIC flag -fPIC -DPIC works
configure:8760: cc -c -g -O2  -fPIC -DPIC -DPIC conftest.c >&5
configure:8764: $? = 0
configure:8777: result: yes
configure:8801: checking if cc static flag -static works
configure:8829: result: yes
configure:8844: checking if cc supports -c -o file.o
configure:8865: cc -c -g -O2  -o out/conftest2.o conftest.c >&5
configure:8869: $? = 0
configure:8891: result: yes
configure:8899: checking if cc supports -c -o file.o
configure:8946: result: yes
configure:8979: checking whether the cc linker (/usr/bin/ld -m elf_x86_64) supports shared libraries
configure:9970: result: yes
configure:10007: checking whether -lc should be explicitly linked in
configure:10012: cc -c -g -O2  conftest.c >&5
configure:10015: $? = 0
configure:10030: cc -shared conftest.o  -v -Wl,-soname -Wl,conftest -o conftest 2\>\&1 \| /bin/grep  -lc  \>/dev/null 2\>\&1
configure:10033: $? = 0
configure:10045: result: no
configure:10209: checking dynamic linker characteristics
configure:10642: cc -o conftest -g -O2   -Wl,-rpath -Wl,/foo conftest.c -lstdc++  >&5
configure:10642: $? = 0
configure:10872: result: GNU/Linux ld.so
configure:10974: checking how to hardcode library paths into programs
configure:10999: result: immediate
configure:11519: checking whether stripping libraries is possible
configure:11524: result: yes
configure:11559: checking if libtool supports shared libraries
configure:11561: result: yes
configure:11564: checking whether to build shared libraries
configure:11585: result: yes
configure:11588: checking whether to build static libraries
configure:11592: result: no
configure:11742: checking for ld used by g++
configure:11809: result: /usr/bin/ld -m elf_x86_64
configure:11816: checking if the linker (/usr/bin/ld -m elf_x86_64) is GNU ld
configure:11831: result: yes
configure:11886: checking whether the g++ linker (/usr/bin/ld -m elf_x86_64) supports shared libraries
configure:12799: result: yes
configure:12827: g++ -c -g -O2  conftest.cpp >&5
configure:12830: $? = 0
configure:13012: checking for g++ option to produce PIC
configure:13329: result: -fPIC -DPIC
configure:13338: checking if g++ PIC flag -fPIC -DPIC works
configure:13356: g++ -c -g -O2  -fPIC -DPIC -DPIC conftest.cpp >&5
configure:13360: $? = 0
configure:13373: result: yes
configure:13394: checking if g++ static flag -static works
configure:13422: result: yes
configure:13434: checking if g++ supports -c -o file.o
configure:13455: g++ -c -g -O2  -o out/conftest2.o conftest.cpp >&5
configure:13459: $? = 0
configure:13481: result: yes
configure:13486: checking if g++ supports -c -o file.o
configure:13533: result: yes
configure:13563: checking whether the g++ linker (/usr/bin/ld -m elf_x86_64) supports shared libraries
configure:13592: result: yes
configure:13729: checking dynamic linker characteristics
configure:14110: g++ -o conftest -g -O2   -Wl,-rpath -Wl,/foo conftest.cpp -lstdc++  >&5
configure:14110: $? = 0
configure:14340: result: GNU/Linux ld.so
configure:14391: checking how to hardcode library paths into programs
configure:14416: result: immediate
configure:14702: creating ./config.status

## ---------------------- ##
## Running config.status. ##
## ---------------------- ##

This file was extended by config.status, which was
generated by GNU Autoconf 2.67.  Invocation command line was

  CONFIG_FILES    = 
  CONFIG_HEADERS  = 
  CONFIG_LINKS    = 
  CONFIG_COMMANDS = 
  $ ./config.status 

on munkie-UL30A

config.status:935: creating config.h
config.status:1039: executing libtool commands

## ---------------- ##
## Cache variables. ##
## ---------------- ##

ac_cv_build=x86_64-unknown-linux-gnu
ac_cv_c_compiler_gnu=yes
ac_cv_cxx_compiler_gnu=yes
ac_cv_env_CCC_set=
ac_cv_env_CCC_value=
ac_cv_env_CC_set=
ac_cv_env_CC_value=
ac_cv_env_CFLAGS_set=
ac_cv_env_CFLAGS_value=
ac_cv_env_CPPFLAGS_set=
ac_cv_env_CPPFLAGS_value=
ac_cv_env_CPP_set=
ac_cv_env_CPP_value=
ac_cv_env_CXXCPP_set=
ac_cv_env_CXXCPP_value=
ac_cv_env_CXXFLAGS_set=
ac_cv_env_CXXFLAGS_value=
ac_cv_env_CXX_set=
ac_cv_env_CXX_value=
ac_cv_env_LDFLAGS_set=
ac_cv_env_LDFLAGS_value=
ac_cv_env_LIBS_set=
ac_cv_env_LIBS_value=
ac_cv_env_build_alias_set=
ac_cv_env_build_alias_value=
ac_cv_env_host_alias_set=
ac_cv_env_host_alias_value=
ac_cv_env_target_alias_set=
ac_cv_env_target_alias_value=
ac_cv_header_dlfcn_h=yes
ac_cv_header_inttypes_h=yes
ac_cv_header_memory_h=yes
ac_cv_header_stdc=yes
ac_cv_header_stdint_h=yes
ac_cv_header_stdlib_h=yes
ac_cv_header_string_h=yes
ac_cv_header_strings_h=yes
ac_cv_header_sys_stat_h=yes
ac_cv_header_sys_types_h=yes
ac_cv_header_unistd_h=yes
ac_cv_host=x86_64-unknown-linux-gnu
ac_cv_objext=o
ac_cv_path_EGREP='/bin/grep -E'
ac_cv_path_FGREP='/bin/grep -F'
ac_cv_path_GREP=/bin/grep
ac_cv_path_SED=/bin/sed
ac_cv_prog_AWK=nawk
ac_cv_prog_CPP='cc -E'
ac_cv_prog_CXXCPP='g++ -E'
ac_cv_prog_RE2C=re2c
ac_cv_prog_ac_ct_AR=ar
ac_cv_prog_ac_ct_CC=cc
ac_cv_prog_ac_ct_CXX=g++
ac_cv_prog_ac_ct_OBJDUMP=objdump
ac_cv_prog_ac_ct_RANLIB=ranlib
ac_cv_prog_ac_ct_STRIP=strip
ac_cv_prog_cc_c89=
ac_cv_prog_cc_cc_c_o=yes
ac_cv_prog_cc_g=yes
ac_cv_prog_cxx_g=yes
ac_cv_target=x86_64-unknown-linux-gnu
lt_cv_deplibs_check_method=pass_all
lt_cv_file_magic_cmd='$MAGIC_CMD'
lt_cv_file_magic_test_file=
lt_cv_ld_reload_flag=-r
lt_cv_nm_interface='BSD nm'
lt_cv_objdir=.libs
lt_cv_path_LD=/usr/bin/ld
lt_cv_path_LDCXX='/usr/bin/ld -m elf_x86_64'
lt_cv_path_NM='/usr/bin/nm -B'
lt_cv_prog_compiler_c_o=yes
lt_cv_prog_compiler_c_o_CXX=yes
lt_cv_prog_compiler_pic_works=yes
lt_cv_prog_compiler_pic_works_CXX=yes
lt_cv_prog_compiler_rtti_exceptions=no
lt_cv_prog_compiler_static_works=yes
lt_cv_prog_compiler_static_works_CXX=yes
lt_cv_prog_gnu_ld=yes
lt_cv_prog_gnu_ldcxx=yes
lt_cv_sys_global_symbol_pipe='sed -n -e '\''s/^.*[	 ]\([ABCDGIRSTW][ABCDGIRSTW]*\)[	 ][	 ]*\([_A-Za-z][_A-Za-z0-9]*\)$/\1 \2 \2/p'\'''
lt_cv_sys_global_symbol_to_c_name_address='sed -n -e '\''s/^: \([^ ]*\) $/  {\"\1\", (void *) 0},/p'\'' -e '\''s/^[ABCDGIRSTW]* \([^ ]*\) \([^ ]*\)$/  {"\2", (void *) \&\2},/p'\'''
lt_cv_sys_global_symbol_to_c_name_address_lib_prefix='sed -n -e '\''s/^: \([^ ]*\) $/  {\"\1\", (void *) 0},/p'\'' -e '\''s/^[ABCDGIRSTW]* \([^ ]*\) \(lib[^ ]*\)$/  {"\2", (void *) \&\2},/p'\'' -e '\''s/^[ABCDGIRSTW]* \([^ ]*\) \([^ ]*\)$/  {"lib\2", (void *) \&\2},/p'\'''
lt_cv_sys_global_symbol_to_cdecl='sed -n -e '\''s/^T .* \(.*\)$/extern int \1();/p'\'' -e '\''s/^[ABCDGIRSTW]* .* \(.*\)$/extern char \1;/p'\'''
lt_cv_sys_max_cmd_len=1572864
php_cv_cc_dashr=no
php_cv_cc_rpath=yes
php_cv_re2c_version='0.13.5 (ok)'

## ----------------- ##
## Output variables. ##
## ----------------- ##

AR='ar'
AWK='nawk'
CC='cc'
CFLAGS='-g -O2'
CONFIGURE_COMMAND=' '\''./configure'\'' '
CONFIGURE_OPTIONS=''
CPP='cc -E'
CPPFLAGS=' -DHAVE_CONFIG_H'
CXX='g++'
CXXCPP='g++ -E'
CXXFLAGS='-g -O2'
DEFS='-DHAVE_CONFIG_H'
DSYMUTIL=''
DUMPBIN=''
ECHO_C=''
ECHO_N='-n'
ECHO_T=''
EGREP='/bin/grep -E'
EXEEXT=''
FGREP='/bin/grep -F'
GREP='/bin/grep'
LD='/usr/bin/ld -m elf_x86_64'
LDFLAGS=''
LIBOBJS=''
LIBS='-lstdc++ '
LIBTOOL='$(SHELL) $(top_builddir)/libtool'
LIPO=''
LN_S='ln -s'
LTLIBOBJS=''
NM='/usr/bin/nm -B'
NMEDIT=''
OBJDUMP='objdump'
OBJEXT='o'
OTOOL64=''
OTOOL=''
PACKAGE_BUGREPORT=''
PACKAGE_NAME=''
PACKAGE_STRING=''
PACKAGE_TARNAME=''
PACKAGE_URL=''
PACKAGE_VERSION=''
PATH_SEPARATOR=':'
RANLIB='ranlib'
RE2C='re2c'
SED='/bin/sed'
SHELL='/bin/bash'
SHLIB_DL_SUFFIX_NAME='so'
SHLIB_SUFFIX_NAME='so'
STRIP='strip'
ac_ct_CC='cc'
ac_ct_CXX='g++'
ac_ct_DUMPBIN=''
bindir='${exec_prefix}/bin'
build='x86_64-unknown-linux-gnu'
build_alias=''
build_cpu='x86_64'
build_os='linux-gnu'
build_vendor='unknown'
datadir='${datarootdir}'
datarootdir='${prefix}/share'
docdir='${datarootdir}/doc/${PACKAGE}'
dvidir='${docdir}'
exec_prefix='$(prefix)'
host='x86_64-unknown-linux-gnu'
host_alias='x86_64-unknown-linux-gnu'
host_cpu='x86_64'
host_os='linux-gnu'
host_vendor='unknown'
htmldir='${docdir}'
includedir='${prefix}/include'
infodir='${datarootdir}/info'
libdir='${exec_prefix}/lib'
libexecdir='${exec_prefix}/libexec'
localedir='${datarootdir}/locale'
localstatedir='${prefix}/var'
lt_ECHO='echo'
mandir='${datarootdir}/man'
oldincludedir='/usr/include'
pdfdir='${docdir}'
prefix='/usr'
program_transform_name='s,x,x,'
psdir='${docdir}'
sbindir='${exec_prefix}/sbin'
sharedstatedir='${prefix}/com'
sysconfdir='${prefix}/etc'
target='x86_64-unknown-linux-gnu'
target_alias=''
target_cpu='x86_64'
target_os='linux-gnu'
target_vendor='unknown'

## ----------- ##
## confdefs.h. ##
## ----------- ##

/* confdefs.h */
#define PACKAGE_NAME ""
#define PACKAGE_TARNAME ""
#define PACKAGE_VERSION ""
#define PACKAGE_STRING ""
#define PACKAGE_BUGREPORT ""
#define PACKAGE_URL ""
#define COMPILE_DL_THRIFT_PROTOCOL 1
#define STDC_HEADERS 1
#define HAVE_SYS_TYPES_H 1
#define HAVE_SYS_STAT_H 1
#define HAVE_STDLIB_H 1
#define HAVE_STRING_H 1
#define HAVE_MEMORY_H 1
#define HAVE_STRINGS_H 1
#define HAVE_INTTYPES_H 1
#define HAVE_STDINT_H 1
#define HAVE_UNISTD_H 1
#define HAVE_DLFCN_H 1
#define LT_OBJDIR ".libs/"

configure: exit 0
